2026-07-15 23:26:48.472 | INFO     | app.main:lifespan:46 - Starting up Tri9t AI Backend...
2026-07-15 23:26:48.472 | INFO     | app.database.init_db:init_sqlite_db:8 - Initializing SQLite database tables...
2026-07-15 23:26:48.479 | INFO     | app.database.init_db:init_sqlite_db:11 - SQLite database tables initialized successfully.
2026-07-15 23:26:48.479 | INFO     | app.database.mongo:connect:14 - Connecting to MongoDB at mongodb://localhost:27017...
2026-07-15 23:26:48.695 | INFO     | app.database.mongo:connect:18 - MongoDB client initialized.
2026-07-15 23:26:48.695 | INFO     | app.main:lifespan:49 - Application ready.
2026-07-15 23:33:38.256 | INFO     | app.main:lifespan:51 - Shutting down...
2026-07-15 23:33:38.257 | INFO     | app.database.mongo:disconnect:23 - Closing MongoDB connection...
2026-07-15 23:33:38.257 | INFO     | app.database.mongo:disconnect:28 - MongoDB connection closed.
2026-07-15 23:33:39.540 | INFO     | app.main:lifespan:46 - Starting up Tri9t AI Backend...
2026-07-15 23:33:39.540 | INFO     | app.database.init_db:init_sqlite_db:8 - Initializing SQLite database tables...
2026-07-15 23:33:39.546 | INFO     | app.database.init_db:init_sqlite_db:11 - SQLite database tables initialized successfully.
2026-07-15 23:33:39.547 | INFO     | app.database.mongo:connect:14 - Connecting to MongoDB at mongodb://localhost:27017...
2026-07-15 23:33:39.555 | INFO     | app.database.mongo:connect:18 - MongoDB client initialized.
2026-07-15 23:33:39.556 | INFO     | app.main:lifespan:49 - Application ready.
2026-07-15 23:42:17.486 | INFO     | app.main:lifespan:51 - Shutting down...
2026-07-15 23:42:17.486 | INFO     | app.database.mongo:disconnect:23 - Closing MongoDB connection...
2026-07-15 23:42:17.487 | INFO     | app.database.mongo:disconnect:28 - MongoDB connection closed.
2026-07-15 23:42:19.479 | INFO     | app.main:lifespan:46 - Starting up Tri9t AI Backend...
2026-07-15 23:42:19.479 | INFO     | app.database.init_db:init_sqlite_db:8 - Initializing SQLite database tables...
2026-07-15 23:42:19.485 | INFO     | app.database.init_db:init_sqlite_db:11 - SQLite database tables initialized successfully.
2026-07-15 23:42:19.486 | INFO     | app.database.mongo:connect:14 - Connecting to MongoDB at mongodb://localhost:27017...
2026-07-15 23:42:19.495 | INFO     | app.database.mongo:connect:18 - MongoDB client initialized.
2026-07-15 23:42:19.496 | INFO     | app.main:lifespan:49 - Application ready.
2026-07-15 23:42:25.068 | INFO     | app.main:lifespan:51 - Shutting down...
2026-07-15 23:42:25.069 | INFO     | app.database.mongo:disconnect:23 - Closing MongoDB connection...
2026-07-15 23:42:25.069 | INFO     | app.database.mongo:disconnect:28 - MongoDB connection closed.
2026-07-15 23:42:26.945 | INFO     | app.main:lifespan:46 - Starting up Tri9t AI Backend...
2026-07-15 23:42:26.946 | INFO     | app.database.init_db:init_sqlite_db:8 - Initializing SQLite database tables...
2026-07-15 23:42:26.952 | INFO     | app.database.init_db:init_sqlite_db:11 - SQLite database tables initialized successfully.
2026-07-15 23:42:26.952 | INFO     | app.database.mongo:connect:14 - Connecting to MongoDB at mongodb://localhost:27017...
2026-07-15 23:42:26.962 | INFO     | app.database.mongo:connect:18 - MongoDB client initialized.
2026-07-15 23:42:26.962 | INFO     | app.main:lifespan:49 - Application ready.
2026-07-15 23:42:27.067 | INFO     | app.main:lifespan:51 - Shutting down...
2026-07-15 23:42:27.067 | INFO     | app.database.mongo:disconnect:23 - Closing MongoDB connection...
2026-07-15 23:42:27.068 | INFO     | app.database.mongo:disconnect:28 - MongoDB connection closed.
2026-07-15 23:42:28.567 | INFO     | app.main:lifespan:46 - Starting up Tri9t AI Backend...
2026-07-15 23:42:28.568 | INFO     | app.database.init_db:init_sqlite_db:8 - Initializing SQLite database tables...
2026-07-15 23:42:28.574 | INFO     | app.database.init_db:init_sqlite_db:11 - SQLite database tables initialized successfully.
2026-07-15 23:42:28.575 | INFO     | app.database.mongo:connect:14 - Connecting to MongoDB at mongodb://localhost:27017...
2026-07-15 23:42:28.583 | INFO     | app.database.mongo:connect:18 - MongoDB client initialized.
2026-07-15 23:42:28.583 | INFO     | app.main:lifespan:49 - Application ready.
2026-07-15 23:42:29.777 | INFO     | app.main:lifespan:51 - Shutting down...
2026-07-15 23:42:29.777 | INFO     | app.database.mongo:disconnect:23 - Closing MongoDB connection...
2026-07-15 23:42:29.778 | INFO     | app.database.mongo:disconnect:28 - MongoDB connection closed.
2026-07-15 23:42:33.988 | INFO     | app.main:lifespan:46 - Starting up Tri9t AI Backend...
2026-07-15 23:42:33.989 | INFO     | app.database.init_db:init_sqlite_db:8 - Initializing SQLite database tables...
2026-07-15 23:42:33.997 | INFO     | app.database.init_db:init_sqlite_db:11 - SQLite database tables initialized successfully.
2026-07-15 23:42:33.998 | INFO     | app.database.mongo:connect:14 - Connecting to MongoDB at mongodb://localhost:27017...
2026-07-15 23:42:34.010 | INFO     | app.database.mongo:connect:18 - MongoDB client initialized.
2026-07-15 23:42:34.010 | INFO     | app.main:lifespan:49 - Application ready.
2026-07-15 23:42:34.116 | INFO     | app.main:lifespan:51 - Shutting down...
2026-07-15 23:42:34.117 | INFO     | app.database.mongo:disconnect:23 - Closing MongoDB connection...
2026-07-15 23:42:34.120 | INFO     | app.database.mongo:disconnect:28 - MongoDB connection closed.
2026-07-15 23:42:35.952 | INFO     | app.main:lifespan:46 - Starting up Tri9t AI Backend...
2026-07-15 23:42:35.953 | INFO     | app.database.init_db:init_sqlite_db:8 - Initializing SQLite database tables...
2026-07-15 23:42:35.961 | INFO     | app.database.init_db:init_sqlite_db:11 - SQLite database tables initialized successfully.
2026-07-15 23:42:35.962 | INFO     | app.database.mongo:connect:14 - Connecting to MongoDB at mongodb://localhost:27017...
2026-07-15 23:42:35.974 | INFO     | app.database.mongo:connect:18 - MongoDB client initialized.
2026-07-15 23:42:35.974 | INFO     | app.main:lifespan:49 - Application ready.
2026-07-15 23:42:37.939 | INFO     | app.main:lifespan:51 - Shutting down...
2026-07-15 23:42:37.939 | INFO     | app.database.mongo:disconnect:23 - Closing MongoDB connection...
2026-07-15 23:42:37.940 | INFO     | app.database.mongo:disconnect:28 - MongoDB connection closed.
2026-07-15 23:42:39.602 | INFO     | app.main:lifespan:46 - Starting up Tri9t AI Backend...
2026-07-15 23:42:39.602 | INFO     | app.database.init_db:init_sqlite_db:8 - Initializing SQLite database tables...
2026-07-15 23:42:39.610 | INFO     | app.database.init_db:init_sqlite_db:11 - SQLite database tables initialized successfully.
2026-07-15 23:42:39.610 | INFO     | app.database.mongo:connect:14 - Connecting to MongoDB at mongodb://localhost:27017...
2026-07-15 23:42:39.621 | INFO     | app.database.mongo:connect:18 - MongoDB client initialized.
2026-07-15 23:42:39.622 | INFO     | app.main:lifespan:49 - Application ready.
2026-07-15 23:42:41.367 | INFO     | app.main:lifespan:51 - Shutting down...
2026-07-15 23:42:41.367 | INFO     | app.database.mongo:disconnect:23 - Closing MongoDB connection...
2026-07-15 23:42:41.368 | INFO     | app.database.mongo:disconnect:28 - MongoDB connection closed.
2026-07-15 23:42:44.100 | INFO     | app.main:lifespan:46 - Starting up Tri9t AI Backend...
2026-07-15 23:42:44.100 | INFO     | app.database.init_db:init_sqlite_db:8 - Initializing SQLite database tables...
2026-07-15 23:42:44.107 | INFO     | app.database.init_db:init_sqlite_db:11 - SQLite database tables initialized successfully.
2026-07-15 23:42:44.107 | INFO     | app.database.mongo:connect:14 - Connecting to MongoDB at mongodb://localhost:27017...
2026-07-15 23:42:44.117 | INFO     | app.database.mongo:connect:18 - MongoDB client initialized.
2026-07-15 23:42:44.117 | INFO     | app.main:lifespan:49 - Application ready.
2026-07-15 23:42:44.665 | INFO     | app.main:lifespan:51 - Shutting down...
2026-07-15 23:42:44.665 | INFO     | app.database.mongo:disconnect:23 - Closing MongoDB connection...
2026-07-15 23:42:44.666 | INFO     | app.database.mongo:disconnect:28 - MongoDB connection closed.
2026-07-15 23:42:46.267 | INFO     | app.main:lifespan:46 - Starting up Tri9t AI Backend...
2026-07-15 23:42:46.267 | INFO     | app.database.init_db:init_sqlite_db:8 - Initializing SQLite database tables...
2026-07-15 23:42:46.274 | INFO     | app.database.init_db:init_sqlite_db:11 - SQLite database tables initialized successfully.
2026-07-15 23:42:46.274 | INFO     | app.database.mongo:connect:14 - Connecting to MongoDB at mongodb://localhost:27017...
2026-07-15 23:42:46.285 | INFO     | app.database.mongo:connect:18 - MongoDB client initialized.
2026-07-15 23:42:46.285 | INFO     | app.main:lifespan:49 - Application ready.
2026-07-15 23:42:47.713 | INFO     | app.main:lifespan:51 - Shutting down...
2026-07-15 23:42:47.714 | INFO     | app.database.mongo:disconnect:23 - Closing MongoDB connection...
2026-07-15 23:42:47.714 | INFO     | app.database.mongo:disconnect:28 - MongoDB connection closed.
2026-07-15 23:42:49.747 | INFO     | app.main:lifespan:46 - Starting up Tri9t AI Backend...
2026-07-15 23:42:49.748 | INFO     | app.database.init_db:init_sqlite_db:8 - Initializing SQLite database tables...
2026-07-15 23:42:49.754 | INFO     | app.database.init_db:init_sqlite_db:11 - SQLite database tables initialized successfully.
2026-07-15 23:42:49.754 | INFO     | app.database.mongo:connect:14 - Connecting to MongoDB at mongodb://localhost:27017...
2026-07-15 23:42:49.764 | INFO     | app.database.mongo:connect:18 - MongoDB client initialized.
2026-07-15 23:42:49.764 | INFO     | app.main:lifespan:49 - Application ready.
2026-07-15 23:42:49.874 | INFO     | app.main:lifespan:51 - Shutting down...
2026-07-15 23:42:49.874 | INFO     | app.database.mongo:disconnect:23 - Closing MongoDB connection...
2026-07-15 23:42:49.875 | INFO     | app.database.mongo:disconnect:28 - MongoDB connection closed.
2026-07-15 23:42:57.229 | INFO     | app.main:lifespan:46 - Starting up Tri9t AI Backend...
2026-07-15 23:42:57.230 | INFO     | app.database.init_db:init_sqlite_db:8 - Initializing SQLite database tables...
2026-07-15 23:42:57.241 | INFO     | app.database.init_db:init_sqlite_db:11 - SQLite database tables initialized successfully.
2026-07-15 23:42:57.242 | INFO     | app.database.mongo:connect:14 - Connecting to MongoDB at mongodb://localhost:27017...
2026-07-15 23:42:57.252 | INFO     | app.database.mongo:connect:18 - MongoDB client initialized.
2026-07-15 23:42:57.253 | INFO     | app.main:lifespan:49 - Application ready.
2026-07-15 23:42:57.366 | INFO     | app.main:lifespan:51 - Shutting down...
2026-07-15 23:42:57.367 | INFO     | app.database.mongo:disconnect:23 - Closing MongoDB connection...
2026-07-15 23:42:57.367 | INFO     | app.database.mongo:disconnect:28 - MongoDB connection closed.
2026-07-15 23:42:59.492 | INFO     | app.main:lifespan:46 - Starting up Tri9t AI Backend...
2026-07-15 23:42:59.493 | INFO     | app.database.init_db:init_sqlite_db:8 - Initializing SQLite database tables...
2026-07-15 23:42:59.503 | INFO     | app.database.init_db:init_sqlite_db:11 - SQLite database tables initialized successfully.
2026-07-15 23:42:59.503 | INFO     | app.database.mongo:connect:14 - Connecting to MongoDB at mongodb://localhost:27017...
2026-07-15 23:42:59.513 | INFO     | app.database.mongo:connect:18 - MongoDB client initialized.
2026-07-15 23:42:59.513 | INFO     | app.main:lifespan:49 - Application ready.
2026-07-15 23:42:59.618 | INFO     | app.main:lifespan:51 - Shutting down...
2026-07-15 23:42:59.619 | INFO     | app.database.mongo:disconnect:23 - Closing MongoDB connection...
2026-07-15 23:42:59.620 | INFO     | app.database.mongo:disconnect:28 - MongoDB connection closed.
2026-07-15 23:43:01.638 | INFO     | app.main:lifespan:46 - Starting up Tri9t AI Backend...
2026-07-15 23:43:01.639 | INFO     | app.database.init_db:init_sqlite_db:8 - Initializing SQLite database tables...
2026-07-15 23:43:01.647 | INFO     | app.database.init_db:init_sqlite_db:11 - SQLite database tables initialized successfully.
2026-07-15 23:43:01.647 | INFO     | app.database.mongo:connect:14 - Connecting to MongoDB at mongodb://localhost:27017...
2026-07-15 23:43:01.657 | INFO     | app.database.mongo:connect:18 - MongoDB client initialized.
2026-07-15 23:43:01.657 | INFO     | app.main:lifespan:49 - Application ready.
2026-07-15 23:43:02.315 | INFO     | app.main:lifespan:51 - Shutting down...
2026-07-15 23:43:02.315 | INFO     | app.database.mongo:disconnect:23 - Closing MongoDB connection...
2026-07-15 23:43:02.316 | INFO     | app.database.mongo:disconnect:28 - MongoDB connection closed.
2026-07-15 23:43:05.231 | INFO     | app.main:lifespan:46 - Starting up Tri9t AI Backend...
2026-07-15 23:43:05.232 | INFO     | app.database.init_db:init_sqlite_db:8 - Initializing SQLite database tables...
2026-07-15 23:43:05.240 | INFO     | app.database.init_db:init_sqlite_db:11 - SQLite database tables initialized successfully.
2026-07-15 23:43:05.240 | INFO     | app.database.mongo:connect:14 - Connecting to MongoDB at mongodb://localhost:27017...
2026-07-15 23:43:05.249 | INFO     | app.database.mongo:connect:18 - MongoDB client initialized.
2026-07-15 23:43:05.250 | INFO     | app.main:lifespan:49 - Application ready.
2026-07-15 23:43:05.689 | INFO     | app.main:lifespan:51 - Shutting down...
2026-07-15 23:43:05.689 | INFO     | app.database.mongo:disconnect:23 - Closing MongoDB connection...
2026-07-15 23:43:05.690 | INFO     | app.database.mongo:disconnect:28 - MongoDB connection closed.
2026-07-15 23:43:07.611 | INFO     | app.main:lifespan:46 - Starting up Tri9t AI Backend...
2026-07-15 23:43:07.611 | INFO     | app.database.init_db:init_sqlite_db:8 - Initializing SQLite database tables...
2026-07-15 23:43:07.617 | INFO     | app.database.init_db:init_sqlite_db:11 - SQLite database tables initialized successfully.
2026-07-15 23:43:07.618 | INFO     | app.database.mongo:connect:14 - Connecting to MongoDB at mongodb://localhost:27017...
2026-07-15 23:43:07.626 | INFO     | app.database.mongo:connect:18 - MongoDB client initialized.
2026-07-15 23:43:07.627 | INFO     | app.main:lifespan:49 - Application ready.
2026-07-15 23:44:58.961 | INFO     | app.main:lifespan:51 - Shutting down...
2026-07-15 23:44:58.961 | INFO     | app.database.mongo:disconnect:23 - Closing MongoDB connection...
2026-07-15 23:44:58.962 | INFO     | app.database.mongo:disconnect:28 - MongoDB connection closed.
2026-07-15 23:45:00.458 | INFO     | app.main:lifespan:46 - Starting up Tri9t AI Backend...
2026-07-15 23:45:00.459 | INFO     | app.database.init_db:init_sqlite_db:8 - Initializing SQLite database tables...
2026-07-15 23:45:00.471 | INFO     | app.database.init_db:init_sqlite_db:11 - SQLite database tables initialized successfully.
2026-07-15 23:45:00.471 | INFO     | app.database.mongo:connect:14 - Connecting to MongoDB at mongodb://localhost:27017...
2026-07-15 23:45:00.484 | INFO     | app.database.mongo:connect:18 - MongoDB client initialized.
2026-07-15 23:45:00.485 | INFO     | app.main:lifespan:49 - Application ready.
2026-07-15 23:45:40.093 | INFO     | app.main:lifespan:51 - Shutting down...
2026-07-15 23:45:40.105 | INFO     | app.database.mongo:disconnect:23 - Closing MongoDB connection...
2026-07-15 23:45:40.106 | INFO     | app.database.mongo:disconnect:28 - MongoDB connection closed.
2026-07-15 23:45:42.057 | INFO     | app.main:lifespan:46 - Starting up Tri9t AI Backend...
2026-07-15 23:45:42.057 | INFO     | app.database.init_db:init_sqlite_db:8 - Initializing SQLite database tables...
2026-07-15 23:45:42.066 | INFO     | app.database.init_db:init_sqlite_db:11 - SQLite database tables initialized successfully.
2026-07-15 23:45:42.066 | INFO     | app.database.mongo:connect:14 - Connecting to MongoDB at mongodb://localhost:27017...
2026-07-15 23:45:42.076 | INFO     | app.database.mongo:connect:18 - MongoDB client initialized.
2026-07-15 23:45:42.078 | INFO     | app.main:lifespan:49 - Application ready.
2026-07-15 23:46:20.179 | INFO     | app.main:lifespan:51 - Shutting down...
2026-07-15 23:46:20.180 | INFO     | app.database.mongo:disconnect:23 - Closing MongoDB connection...
2026-07-15 23:46:20.180 | INFO     | app.database.mongo:disconnect:28 - MongoDB connection closed.
2026-07-15 23:46:23.609 | INFO     | app.main:lifespan:46 - Starting up Tri9t AI Backend...
2026-07-15 23:46:23.609 | INFO     | app.database.init_db:init_sqlite_db:8 - Initializing SQLite database tables...
2026-07-15 23:46:23.622 | INFO     | app.database.init_db:init_sqlite_db:11 - SQLite database tables initialized successfully.
2026-07-15 23:46:23.622 | INFO     | app.database.mongo:connect:14 - Connecting to MongoDB at mongodb://localhost:27017...
2026-07-15 23:46:23.633 | INFO     | app.database.mongo:connect:18 - MongoDB client initialized.
2026-07-15 23:46:23.634 | INFO     | app.main:lifespan:49 - Application ready.
2026-07-16 00:14:21.311 | INFO     | app.main:lifespan:46 - Starting up Tri9t AI Backend...
2026-07-16 00:14:21.311 | INFO     | app.database.init_db:init_sqlite_db:8 - Initializing SQLite database tables...
2026-07-16 00:14:21.317 | INFO     | app.database.init_db:init_sqlite_db:11 - SQLite database tables initialized successfully.
2026-07-16 00:14:21.317 | INFO     | app.database.mongo:connect:14 - Connecting to MongoDB at mongodb://localhost:27017...
2026-07-16 00:14:21.332 | INFO     | app.database.mongo:connect:18 - MongoDB client initialized.
2026-07-16 00:14:21.333 | INFO     | app.main:lifespan:49 - Application ready.
2026-07-16 01:10:55.926 | INFO     | app.main:lifespan:46 - Starting up Tri9t AI Backend...
2026-07-16 01:10:55.927 | INFO     | app.database.init_db:init_sqlite_db:8 - Initializing SQLite database tables...
2026-07-16 01:10:55.934 | INFO     | app.database.init_db:init_sqlite_db:11 - SQLite database tables initialized successfully.
2026-07-16 01:10:55.934 | INFO     | app.database.mongo:connect:14 - Connecting to MongoDB at mongodb://localhost:27017...
2026-07-16 01:10:56.025 | INFO     | app.database.mongo:connect:20 - MongoDB client initialized and connected.
2026-07-16 01:10:56.026 | INFO     | app.main:lifespan:49 - Application ready.
2026-07-16 01:21:24.104 | INFO     | app.main:lifespan:51 - Shutting down...
2026-07-16 01:21:24.105 | INFO     | app.database.mongo:disconnect:25 - Closing MongoDB connection...
2026-07-16 01:21:24.108 | INFO     | app.database.mongo:disconnect:30 - MongoDB connection closed.
2026-07-16 01:21:26.058 | INFO     | app.main:lifespan:46 - Starting up Tri9t AI Backend...
2026-07-16 01:21:26.058 | INFO     | app.database.init_db:init_sqlite_db:8 - Initializing SQLite database tables...
2026-07-16 01:21:26.064 | INFO     | app.database.init_db:init_sqlite_db:11 - SQLite database tables initialized successfully.
2026-07-16 01:21:26.065 | INFO     | app.database.mongo:connect:14 - Connecting to MongoDB at mongodb://localhost:27017...
2026-07-16 01:21:26.083 | INFO     | app.database.mongo:connect:20 - MongoDB client initialized and connected.
2026-07-16 01:21:26.083 | INFO     | app.main:lifespan:49 - Application ready.
2026-07-16 01:22:59.637 | INFO     | app.main:lifespan:46 - Starting up Tri9t AI Backend...
2026-07-16 01:22:59.637 | INFO     | app.database.init_db:init_sqlite_db:8 - Initializing SQLite database tables...
2026-07-16 01:22:59.643 | INFO     | app.database.init_db:init_sqlite_db:11 - SQLite database tables initialized successfully.
2026-07-16 01:22:59.644 | INFO     | app.database.mongo:connect:14 - Connecting to MongoDB at mongodb://localhost:27017...
2026-07-16 01:22:59.658 | INFO     | app.database.mongo:connect:20 - MongoDB client initialized and connected.
2026-07-16 01:22:59.658 | INFO     | app.main:lifespan:49 - Application ready.
2026-07-16 01:27:14.982 | INFO     | app.main:lifespan:46 - Starting up Tri9t AI Backend...
2026-07-16 01:27:14.982 | INFO     | app.database.init_db:init_sqlite_db:8 - Initializing SQLite database tables...
2026-07-16 01:27:14.989 | INFO     | app.database.init_db:init_sqlite_db:11 - SQLite database tables initialized successfully.
2026-07-16 01:27:14.989 | INFO     | app.database.mongo:connect:14 - Connecting to MongoDB at mongodb://localhost:27017...
2026-07-16 01:27:15.014 | INFO     | app.database.mongo:connect:20 - MongoDB client initialized and connected.
2026-07-16 01:27:15.014 | INFO     | app.main:lifespan:49 - Application ready.
